2015-11-18 04:26:32 Error: [Cake\Database\Exception] SQLSTATE[42S02]: Base table or view not found: 1146 Table 'raman.pizza_info' doesn't exist
Stack Trace:
#0 C:\xampp\htdocs\cakephp3.1.3\vendor\cakephp\cakephp\src\Database\Schema\Collection.php(96): Cake\Database\Schema\Collection->_reflect('Column', 'pizza_info', Array, Object(Cake\Database\Schema\Table))
#1 C:\xampp\htdocs\cakephp3.1.3\vendor\cakephp\cakephp\src\Database\Schema\CachedCollection.php(64): Cake\Database\Schema\Collection->describe('pizza_info', Array)
#2 C:\xampp\htdocs\cakephp3.1.3\vendor\cakephp\cakephp\src\ORM\Table.php(423): Cake\Database\Schema\CachedCollection->describe('pizza_info')
#3 C:\xampp\htdocs\cakephp3.1.3\vendor\cakephp\cakephp\src\ORM\Table.php(499): Cake\ORM\Table->schema()
#4 C:\xampp\htdocs\cakephp3.1.3\vendor\cakephp\bake\src\Shell\Task\TemplateTask.php(284): Cake\ORM\Table->primaryKey()
#5 C:\xampp\htdocs\cakephp3.1.3\vendor\cakephp\bake\src\Shell\Task\TemplateTask.php(147): Bake\Shell\Task\TemplateTask->_loadController()
#6 [internal function]: Bake\Shell\Task\TemplateTask->main('pizzaInfo')
#7 C:\xampp\htdocs\cakephp3.1.3\vendor\cakephp\cakephp\src\Console\Shell.php(447): call_user_func_array(Array, Array)
#8 C:\xampp\htdocs\cakephp3.1.3\vendor\cakephp\cakephp\src\Console\Shell.php(442): Cake\Console\Shell->runCommand(Array, false)
#9 C:\xampp\htdocs\cakephp3.1.3\vendor\cakephp\cakephp\src\Console\ShellDispatcher.php(212): Cake\Console\Shell->runCommand(Array, true, Array)
#10 C:\xampp\htdocs\cakephp3.1.3\vendor\cakephp\cakephp\src\Console\ShellDispatcher.php(179): Cake\Console\ShellDispatcher->_dispatch(Array)
#11 C:\xampp\htdocs\cakephp3.1.3\vendor\cakephp\cakephp\src\Console\ShellDispatcher.php(126): Cake\Console\ShellDispatcher->dispatch(Array)
#12 C:\xampp\htdocs\cakephp3.1.3\bin\cake.php(33): Cake\Console\ShellDispatcher::run(Array)
#13 {main}


2015-11-18 04:26:40 Error: [Cake\Database\Exception] SQLSTATE[42S02]: Base table or view not found: 1146 Table 'raman.pizza_info' doesn't exist
Stack Trace:
#0 C:\xampp\htdocs\cakephp3.1.3\vendor\cakephp\cakephp\src\Database\Schema\Collection.php(96): Cake\Database\Schema\Collection->_reflect('Column', 'pizza_info', Array, Object(Cake\Database\Schema\Table))
#1 C:\xampp\htdocs\cakephp3.1.3\vendor\cakephp\cakephp\src\Database\Schema\CachedCollection.php(64): Cake\Database\Schema\Collection->describe('pizza_info', Array)
#2 C:\xampp\htdocs\cakephp3.1.3\vendor\cakephp\cakephp\src\ORM\Table.php(423): Cake\Database\Schema\CachedCollection->describe('pizza_info')
#3 C:\xampp\htdocs\cakephp3.1.3\vendor\cakephp\cakephp\src\ORM\Table.php(499): Cake\ORM\Table->schema()
#4 C:\xampp\htdocs\cakephp3.1.3\vendor\cakephp\bake\src\Shell\Task\ModelTask.php(194): Cake\ORM\Table->primaryKey()
#5 C:\xampp\htdocs\cakephp3.1.3\vendor\cakephp\bake\src\Shell\Task\ModelTask.php(110): Bake\Shell\Task\ModelTask->getAssociations(Object(Cake\ORM\Table))
#6 C:\xampp\htdocs\cakephp3.1.3\vendor\cakephp\bake\src\Shell\Task\ModelTask.php(96): Bake\Shell\Task\ModelTask->bake('PizzaInfo')
#7 [internal function]: Bake\Shell\Task\ModelTask->main('pizzaInfo')
#8 C:\xampp\htdocs\cakephp3.1.3\vendor\cakephp\cakephp\src\Console\Shell.php(447): call_user_func_array(Array, Array)
#9 C:\xampp\htdocs\cakephp3.1.3\vendor\cakephp\cakephp\src\Console\Shell.php(442): Cake\Console\Shell->runCommand(Array, false)
#10 C:\xampp\htdocs\cakephp3.1.3\vendor\cakephp\cakephp\src\Console\ShellDispatcher.php(212): Cake\Console\Shell->runCommand(Array, true, Array)
#11 C:\xampp\htdocs\cakephp3.1.3\vendor\cakephp\cakephp\src\Console\ShellDispatcher.php(179): Cake\Console\ShellDispatcher->_dispatch(Array)
#12 C:\xampp\htdocs\cakephp3.1.3\vendor\cakephp\cakephp\src\Console\ShellDispatcher.php(126): Cake\Console\ShellDispatcher->dispatch(Array)
#13 C:\xampp\htdocs\cakephp3.1.3\bin\cake.php(33): Cake\Console\ShellDispatcher::run(Array)
#14 {main}


2015-11-18 04:29:19 Error: [Cake\Database\Exception] SQLSTATE[42S02]: Base table or view not found: 1146 Table 'raman.pizza_info' doesn't exist
Stack Trace:
#0 C:\xampp\htdocs\cakephp3.1.3\vendor\cakephp\cakephp\src\Database\Schema\Collection.php(96): Cake\Database\Schema\Collection->_reflect('Column', 'pizza_info', Array, Object(Cake\Database\Schema\Table))
#1 C:\xampp\htdocs\cakephp3.1.3\vendor\cakephp\cakephp\src\Database\Schema\CachedCollection.php(64): Cake\Database\Schema\Collection->describe('pizza_info', Array)
#2 C:\xampp\htdocs\cakephp3.1.3\vendor\cakephp\cakephp\src\ORM\Table.php(423): Cake\Database\Schema\CachedCollection->describe('pizza_info')
#3 C:\xampp\htdocs\cakephp3.1.3\vendor\cakephp\cakephp\src\ORM\Table.php(499): Cake\ORM\Table->schema()
#4 C:\xampp\htdocs\cakephp3.1.3\vendor\cakephp\bake\src\Shell\Task\TemplateTask.php(284): Cake\ORM\Table->primaryKey()
#5 C:\xampp\htdocs\cakephp3.1.3\vendor\cakephp\bake\src\Shell\Task\TemplateTask.php(147): Bake\Shell\Task\TemplateTask->_loadController()
#6 [internal function]: Bake\Shell\Task\TemplateTask->main('pizzaInfo')
#7 C:\xampp\htdocs\cakephp3.1.3\vendor\cakephp\cakephp\src\Console\Shell.php(447): call_user_func_array(Array, Array)
#8 C:\xampp\htdocs\cakephp3.1.3\vendor\cakephp\cakephp\src\Console\Shell.php(442): Cake\Console\Shell->runCommand(Array, false)
#9 C:\xampp\htdocs\cakephp3.1.3\vendor\cakephp\cakephp\src\Console\ShellDispatcher.php(212): Cake\Console\Shell->runCommand(Array, true, Array)
#10 C:\xampp\htdocs\cakephp3.1.3\vendor\cakephp\cakephp\src\Console\ShellDispatcher.php(179): Cake\Console\ShellDispatcher->_dispatch(Array)
#11 C:\xampp\htdocs\cakephp3.1.3\vendor\cakephp\cakephp\src\Console\ShellDispatcher.php(126): Cake\Console\ShellDispatcher->dispatch(Array)
#12 C:\xampp\htdocs\cakephp3.1.3\bin\cake.php(33): Cake\Console\ShellDispatcher::run(Array)
#13 {main}


2015-11-18 04:31:08 Error: [Cake\Database\Exception] SQLSTATE[42S02]: Base table or view not found: 1146 Table 'raman.pizza_info' doesn't exist
Stack Trace:
#0 C:\xampp\htdocs\cakephp3.1.3\vendor\cakephp\cakephp\src\Database\Schema\Collection.php(96): Cake\Database\Schema\Collection->_reflect('Column', 'pizza_info', Array, Object(Cake\Database\Schema\Table))
#1 C:\xampp\htdocs\cakephp3.1.3\vendor\cakephp\cakephp\src\Database\Schema\CachedCollection.php(64): Cake\Database\Schema\Collection->describe('pizza_info', Array)
#2 C:\xampp\htdocs\cakephp3.1.3\vendor\cakephp\cakephp\src\ORM\Table.php(423): Cake\Database\Schema\CachedCollection->describe('pizza_info')
#3 C:\xampp\htdocs\cakephp3.1.3\vendor\cakephp\cakephp\src\ORM\Table.php(499): Cake\ORM\Table->schema()
#4 C:\xampp\htdocs\cakephp3.1.3\vendor\cakephp\bake\src\Shell\Task\ModelTask.php(194): Cake\ORM\Table->primaryKey()
#5 C:\xampp\htdocs\cakephp3.1.3\vendor\cakephp\bake\src\Shell\Task\ModelTask.php(110): Bake\Shell\Task\ModelTask->getAssociations(Object(Cake\ORM\Table))
#6 C:\xampp\htdocs\cakephp3.1.3\vendor\cakephp\bake\src\Shell\Task\ModelTask.php(96): Bake\Shell\Task\ModelTask->bake('PizzaInfo')
#7 [internal function]: Bake\Shell\Task\ModelTask->main('pizzaInfo')
#8 C:\xampp\htdocs\cakephp3.1.3\vendor\cakephp\cakephp\src\Console\Shell.php(447): call_user_func_array(Array, Array)
#9 C:\xampp\htdocs\cakephp3.1.3\vendor\cakephp\cakephp\src\Console\Shell.php(442): Cake\Console\Shell->runCommand(Array, false)
#10 C:\xampp\htdocs\cakephp3.1.3\vendor\cakephp\cakephp\src\Console\ShellDispatcher.php(212): Cake\Console\Shell->runCommand(Array, true, Array)
#11 C:\xampp\htdocs\cakephp3.1.3\vendor\cakephp\cakephp\src\Console\ShellDispatcher.php(179): Cake\Console\ShellDispatcher->_dispatch(Array)
#12 C:\xampp\htdocs\cakephp3.1.3\vendor\cakephp\cakephp\src\Console\ShellDispatcher.php(126): Cake\Console\ShellDispatcher->dispatch(Array)
#13 C:\xampp\htdocs\cakephp3.1.3\bin\cake.php(33): Cake\Console\ShellDispatcher::run(Array)
#14 {main}


2015-11-18 04:31:25 Error: [Cake\Database\Exception] SQLSTATE[42S02]: Base table or view not found: 1146 Table 'raman.pizza_info' doesn't exist
Stack Trace:
#0 C:\xampp\htdocs\cakephp3.1.3\vendor\cakephp\cakephp\src\Database\Schema\Collection.php(96): Cake\Database\Schema\Collection->_reflect('Column', 'pizza_info', Array, Object(Cake\Database\Schema\Table))
#1 C:\xampp\htdocs\cakephp3.1.3\vendor\cakephp\cakephp\src\Database\Schema\CachedCollection.php(64): Cake\Database\Schema\Collection->describe('pizza_info', Array)
#2 C:\xampp\htdocs\cakephp3.1.3\vendor\cakephp\cakephp\src\ORM\Table.php(423): Cake\Database\Schema\CachedCollection->describe('pizza_info')
#3 C:\xampp\htdocs\cakephp3.1.3\vendor\cakephp\cakephp\src\ORM\Table.php(499): Cake\ORM\Table->schema()
#4 C:\xampp\htdocs\cakephp3.1.3\vendor\cakephp\bake\src\Shell\Task\ModelTask.php(194): Cake\ORM\Table->primaryKey()
#5 C:\xampp\htdocs\cakephp3.1.3\vendor\cakephp\bake\src\Shell\Task\ModelTask.php(110): Bake\Shell\Task\ModelTask->getAssociations(Object(Cake\ORM\Table))
#6 C:\xampp\htdocs\cakephp3.1.3\vendor\cakephp\bake\src\Shell\Task\ModelTask.php(96): Bake\Shell\Task\ModelTask->bake('PizzaInfo')
#7 [internal function]: Bake\Shell\Task\ModelTask->main('pizzaInfo')
#8 C:\xampp\htdocs\cakephp3.1.3\vendor\cakephp\cakephp\src\Console\Shell.php(447): call_user_func_array(Array, Array)
#9 C:\xampp\htdocs\cakephp3.1.3\vendor\cakephp\cakephp\src\Console\Shell.php(442): Cake\Console\Shell->runCommand(Array, false)
#10 C:\xampp\htdocs\cakephp3.1.3\vendor\cakephp\cakephp\src\Console\ShellDispatcher.php(212): Cake\Console\Shell->runCommand(Array, true, Array)
#11 C:\xampp\htdocs\cakephp3.1.3\vendor\cakephp\cakephp\src\Console\ShellDispatcher.php(179): Cake\Console\ShellDispatcher->_dispatch(Array)
#12 C:\xampp\htdocs\cakephp3.1.3\vendor\cakephp\cakephp\src\Console\ShellDispatcher.php(126): Cake\Console\ShellDispatcher->dispatch(Array)
#13 C:\xampp\htdocs\cakephp3.1.3\bin\cake.php(33): Cake\Console\ShellDispatcher::run(Array)
#14 {main}


