2015-11-18 04:27:44 Error: [Cake\Routing\Exception\MissingControllerException] Controller class Users could not be found.
Exception Attributes: array (
  'class' => 'Users',
  'plugin' => NULL,
  'prefix' => NULL,
  '_ext' => NULL,
)
Request URL: /cakephp3.1.3/users
Stack Trace:
#0 C:\xampp\htdocs\cakephp3.1.3\webroot\index.php(37): Cake\Routing\Dispatcher->dispatch(Object(Cake\Network\Request), Object(Cake\Network\Response))
#1 {main}


2015-11-18 04:28:06 Error: [Cake\Database\Exception] SQLSTATE[42S02]: Base table or view not found: 1146 Table 'raman.pizza_info' doesn't exist
Request URL: /cakephp3.1.3/pizzaInfo
Stack Trace:
#0 C:\xampp\htdocs\cakephp3.1.3\vendor\cakephp\cakephp\src\Database\Schema\Collection.php(96): Cake\Database\Schema\Collection->_reflect('Column', 'pizza_info', Array, Object(Cake\Database\Schema\Table))
#1 C:\xampp\htdocs\cakephp3.1.3\vendor\cakephp\cakephp\src\Database\Schema\CachedCollection.php(64): Cake\Database\Schema\Collection->describe('pizza_info', Array)
#2 C:\xampp\htdocs\cakephp3.1.3\vendor\cakephp\cakephp\src\ORM\Table.php(423): Cake\Database\Schema\CachedCollection->describe('pizza_info')
#3 C:\xampp\htdocs\cakephp3.1.3\vendor\cakephp\cakephp\src\ORM\Query.php(173): Cake\ORM\Table->schema()
#4 C:\xampp\htdocs\cakephp3.1.3\vendor\cakephp\cakephp\src\ORM\Query.php(131): Cake\ORM\Query->addDefaultTypes(Object(Cake\ORM\Table))
#5 C:\xampp\htdocs\cakephp3.1.3\vendor\cakephp\cakephp\src\ORM\Table.php(1228): Cake\ORM\Query->__construct(Object(Cake\Database\Connection), Object(Cake\ORM\Table))
#6 C:\xampp\htdocs\cakephp3.1.3\vendor\cakephp\cakephp\src\ORM\Table.php(931): Cake\ORM\Table->query()
#7 C:\xampp\htdocs\cakephp3.1.3\vendor\cakephp\cakephp\src\Controller\Component\PaginatorComponent.php(166): Cake\ORM\Table->find('all', Array)
#8 C:\xampp\htdocs\cakephp3.1.3\vendor\cakephp\cakephp\src\Controller\Controller.php(688): Cake\Controller\Component\PaginatorComponent->paginate(Object(Cake\ORM\Table), Array)
#9 C:\xampp\htdocs\cakephp3.1.3\src\Controller\PizzaInfoController.php(21): Cake\Controller\Controller->paginate(Object(Cake\ORM\Table))
#10 [internal function]: App\Controller\PizzaInfoController->index()
#11 C:\xampp\htdocs\cakephp3.1.3\vendor\cakephp\cakephp\src\Controller\Controller.php(429): call_user_func_array(Array, Array)
#12 C:\xampp\htdocs\cakephp3.1.3\vendor\cakephp\cakephp\src\Routing\Dispatcher.php(114): Cake\Controller\Controller->invokeAction()
#13 C:\xampp\htdocs\cakephp3.1.3\vendor\cakephp\cakephp\src\Routing\Dispatcher.php(87): Cake\Routing\Dispatcher->_invoke(Object(App\Controller\PizzaInfoController))
#14 C:\xampp\htdocs\cakephp3.1.3\webroot\index.php(37): Cake\Routing\Dispatcher->dispatch(Object(Cake\Network\Request), Object(Cake\Network\Response))
#15 {main}


2015-11-18 04:28:18 Error: [RuntimeException] Unable to locate an object compatible with paginate.
Request URL: /cakephp3.1.3/pizzainfo
Stack Trace:
#0 C:\xampp\htdocs\cakephp3.1.3\src\Controller\PizzaInfoController.php(21): Cake\Controller\Controller->paginate(false)
#1 [internal function]: App\Controller\PizzaInfoController->index()
#2 C:\xampp\htdocs\cakephp3.1.3\vendor\cakephp\cakephp\src\Controller\Controller.php(429): call_user_func_array(Array, Array)
#3 C:\xampp\htdocs\cakephp3.1.3\vendor\cakephp\cakephp\src\Routing\Dispatcher.php(114): Cake\Controller\Controller->invokeAction()
#4 C:\xampp\htdocs\cakephp3.1.3\vendor\cakephp\cakephp\src\Routing\Dispatcher.php(87): Cake\Routing\Dispatcher->_invoke(Object(App\Controller\PizzaInfoController))
#5 C:\xampp\htdocs\cakephp3.1.3\webroot\index.php(37): Cake\Routing\Dispatcher->dispatch(Object(Cake\Network\Request), Object(Cake\Network\Response))
#6 {main}


2015-11-18 04:29:27 Error: [RuntimeException] Unable to locate an object compatible with paginate.
Request URL: /cakephp3.1.3/pizzainfo
Stack Trace:
#0 C:\xampp\htdocs\cakephp3.1.3\src\Controller\PizzaInfoController.php(21): Cake\Controller\Controller->paginate(false)
#1 [internal function]: App\Controller\PizzaInfoController->index()
#2 C:\xampp\htdocs\cakephp3.1.3\vendor\cakephp\cakephp\src\Controller\Controller.php(429): call_user_func_array(Array, Array)
#3 C:\xampp\htdocs\cakephp3.1.3\vendor\cakephp\cakephp\src\Routing\Dispatcher.php(114): Cake\Controller\Controller->invokeAction()
#4 C:\xampp\htdocs\cakephp3.1.3\vendor\cakephp\cakephp\src\Routing\Dispatcher.php(87): Cake\Routing\Dispatcher->_invoke(Object(App\Controller\PizzaInfoController))
#5 C:\xampp\htdocs\cakephp3.1.3\webroot\index.php(37): Cake\Routing\Dispatcher->dispatch(Object(Cake\Network\Request), Object(Cake\Network\Response))
#6 {main}


2015-11-18 04:30:53 Error: [RuntimeException] Unable to locate an object compatible with paginate.
Request URL: /cakephp3.1.3/pizzainfo
Stack Trace:
#0 C:\xampp\htdocs\cakephp3.1.3\src\Controller\PizzaInfoController.php(21): Cake\Controller\Controller->paginate(false)
#1 [internal function]: App\Controller\PizzaInfoController->index()
#2 C:\xampp\htdocs\cakephp3.1.3\vendor\cakephp\cakephp\src\Controller\Controller.php(429): call_user_func_array(Array, Array)
#3 C:\xampp\htdocs\cakephp3.1.3\vendor\cakephp\cakephp\src\Routing\Dispatcher.php(114): Cake\Controller\Controller->invokeAction()
#4 C:\xampp\htdocs\cakephp3.1.3\vendor\cakephp\cakephp\src\Routing\Dispatcher.php(87): Cake\Routing\Dispatcher->_invoke(Object(App\Controller\PizzaInfoController))
#5 C:\xampp\htdocs\cakephp3.1.3\webroot\index.php(37): Cake\Routing\Dispatcher->dispatch(Object(Cake\Network\Request), Object(Cake\Network\Response))
#6 {main}


2015-11-18 04:31:17 Error: [RuntimeException] Unable to locate an object compatible with paginate.
Request URL: /cakephp3.1.3/pizzainfo
Stack Trace:
#0 C:\xampp\htdocs\cakephp3.1.3\src\Controller\PizzaInfoController.php(21): Cake\Controller\Controller->paginate(false)
#1 [internal function]: App\Controller\PizzaInfoController->index()
#2 C:\xampp\htdocs\cakephp3.1.3\vendor\cakephp\cakephp\src\Controller\Controller.php(429): call_user_func_array(Array, Array)
#3 C:\xampp\htdocs\cakephp3.1.3\vendor\cakephp\cakephp\src\Routing\Dispatcher.php(114): Cake\Controller\Controller->invokeAction()
#4 C:\xampp\htdocs\cakephp3.1.3\vendor\cakephp\cakephp\src\Routing\Dispatcher.php(87): Cake\Routing\Dispatcher->_invoke(Object(App\Controller\PizzaInfoController))
#5 C:\xampp\htdocs\cakephp3.1.3\webroot\index.php(37): Cake\Routing\Dispatcher->dispatch(Object(Cake\Network\Request), Object(Cake\Network\Response))
#6 {main}


